<?xml version="1.0" encoding="UTF-8"?>
<!-- Generated by org.testng.reporters.JUnitXMLReporter -->
<testsuite ignored="8" hostname="IN-39RM2J3" failures="0" tests="4" name="Surefire test" time="127.697" errors="0" timestamp="09 Jan 2023 15:00:19 GMT">
  <testcase classname="com.nagarro.SeleniumJava.tests.Test01_HomePage" name="verifyHomePageTitleTest" time="0.916"/>
  <testcase classname="com.nagarro.SeleniumJava.tests.Test02_RegisterPage" name="CreateNewuser" time="3.387"/>
  <testcase classname="com.nagarro.SeleniumJava.tests.Test03_ProductPage" name="productSearch" time="3.361"/>
  <testcase classname="com.nagarro.SeleniumJava.tests.Test04_FooterPage" name="clickToCopyRight" time="0.081"/>
  <testcase classname="com.nagarro.SeleniumJava.tests.BaseTest" name="@BeforeSuite setExtent" time="0.0">
    <ignored/>
  </testcase> <!-- @BeforeSuite setExtent -->
  <testcase classname="com.nagarro.SeleniumJava.tests.BaseTest" name="@BeforeSuite setExtent" time="0.0">
    <ignored/>
  </testcase> <!-- @BeforeSuite setExtent -->
  <testcase classname="com.nagarro.SeleniumJava.tests.BaseTest" name="@BeforeSuite setExtent" time="0.0">
    <ignored/>
  </testcase> <!-- @BeforeSuite setExtent -->
  <testcase classname="com.nagarro.SeleniumJava.tests.BaseTest" name="@BeforeSuite setExtent" time="0.0">
    <ignored/>
  </testcase> <!-- @BeforeSuite setExtent -->
  <testcase classname="com.nagarro.SeleniumJava.tests.BaseTest" name="@AfterSuite endReport" time="0.0">
    <ignored/>
  </testcase> <!-- @AfterSuite endReport -->
  <testcase classname="com.nagarro.SeleniumJava.tests.BaseTest" name="@AfterSuite endReport" time="0.0">
    <ignored/>
  </testcase> <!-- @AfterSuite endReport -->
  <testcase classname="com.nagarro.SeleniumJava.tests.BaseTest" name="@AfterSuite endReport" time="0.0">
    <ignored/>
  </testcase> <!-- @AfterSuite endReport -->
  <testcase classname="com.nagarro.SeleniumJava.tests.BaseTest" name="@AfterSuite endReport" time="0.0">
    <ignored/>
  </testcase> <!-- @AfterSuite endReport -->
</testsuite> <!-- Surefire test -->
