<?xml version="1.0" encoding="UTF-8"?>
<testsuite xmlns:xsi="http://www.w3.org/2001/XMLSchema-instance" xsi:noNamespaceSchemaLocation="https://maven.apache.org/surefire/maven-surefire-plugin/xsd/surefire-test-report.xsd" name="TestSuite" time="129.438" tests="4" errors="0" skipped="0" failures="0">
  <properties>
[...]
</properties>
  <testcase name="verifyHomePageTitleTest" classname="com.nagarro.SeleniumJava.tests.Test01_HomePage" time="0.918"/>
  <testcase name="CreateNewuser" classname="com.nagarro.SeleniumJava.tests.Test02_RegisterPage" time="3.387"/>
  <testcase name="productSearch" classname="com.nagarro.SeleniumJava.tests.Test03_ProductPage" time="3.361"/>
  <testcase name="clickToCopyRight" classname="com.nagarro.SeleniumJava.tests.Test04_FooterPage" time="0.081"/>
</testsuite>